# JRE version: OpenJDK Runtime Environment (11.0.10) (build 11.0.10+0-b96-7249189)
# Java VM: OpenJDK 64-Bit Server VM (11.0.10+0-b96-7249189, mixed mode, tiered, compressed oops, g1 gc, windows-amd64)
Heap:
 garbage-first heap   total 261120K, used 139153K [0x0000000080000000, 0x0000000100000000)
  region size 1024K, 3 young (3072K), 3 survivors (3072K)
 Metaspace       used 116210K, capacity 119703K, committed 120012K, reserved 1153024K
  class space    used 14624K, capacity 15952K, committed 16076K, reserved 1048576K
GC Heap History (20 events):
Event: 4483.035 GC heap after
{Heap after GC invocations=68 (full 0):
 garbage-first heap   total 194560K, used 86083K [0x0000000080000000, 0x0000000100000000)
  region size 1024K, 2 young (2048K), 2 survivors (2048K)
 Metaspace       used 114609K, capacity 118090K, committed 118220K, reserved 1150976K
  class space    used 14484K, capacity 15776K, committed 15820K, reserved 1048576K
}
Event: 4483.487 GC heap before
{Heap before GC invocations=68 (full 0):
 garbage-first heap   total 194560K, used 151619K [0x0000000080000000, 0x0000000100000000)
  region size 1024K, 66 young (67584K), 2 survivors (2048K)
 Metaspace       used 114636K, capacity 118157K, committed 118220K, reserved 1150976K
  class space    used 14487K, capacity 15777K, committed 15820K, reserved 1048576K
}
Event: 4483.493 GC heap after
{Heap after GC invocations=69 (full 0):
 garbage-first heap   total 194560K, used 85997K [0x0000000080000000, 0x0000000100000000)
  region size 1024K, 2 young (2048K), 2 survivors (2048K)
 Metaspace       used 114636K, capacity 118157K, committed 118220K, reserved 1150976K
  class space    used 14487K, capacity 15777K, committed 15820K, reserved 1048576K
}
Event: 4484.014 GC heap before
{Heap before GC invocations=70 (full 0):
 garbage-first heap   total 194560K, used 120813K [0x0000000080000000, 0x0000000100000000)
  region size 1024K, 37 young (37888K), 2 survivors (2048K)
 Metaspace       used 114763K, capacity 118291K, committed 118604K, reserved 1153024K
  class space    used 14509K, capacity 15822K, committed 15948K, reserved 1048576K
}
Event: 4484.019 GC heap after
{Heap after GC invocations=71 (full 0):
 garbage-first heap   total 194560K, used 86260K [0x0000000080000000, 0x0000000100000000)
  region size 1024K, 2 young (2048K), 2 survivors (2048K)
 Metaspace       used 114763K, capacity 118291K, committed 118604K, reserved 1153024K
  class space    used 14509K, capacity 15822K, committed 15948K, reserved 1048576K
}
Event: 4484.390 GC heap before
{Heap before GC invocations=72 (full 0):
 garbage-first heap   total 194560K, used 161012K [0x0000000080000000, 0x0000000100000000)
  region size 1024K, 64 young (65536K), 2 survivors (2048K)
 Metaspace       used 114782K, capacity 118299K, committed 118604K, reserved 1153024K
  class space    used 14509K, capacity 15823K, committed 15948K, reserved 1048576K
}
Event: 4484.414 GC heap after
{Heap after GC invocations=73 (full 0):
 garbage-first heap   total 194560K, used 95075K [0x0000000080000000, 0x0000000100000000)
  region size 1024K, 8 young (8192K), 8 survivors (8192K)
 Metaspace       used 114782K, capacity 118299K, committed 118604K, reserved 1153024K
  class space    used 14509K, capacity 15823K, committed 15948K, reserved 1048576K
}
Event: 4485.121 GC heap before
{Heap before GC invocations=73 (full 0):
 garbage-first heap   total 194560K, used 153443K [0x0000000080000000, 0x0000000100000000)
  region size 1024K, 66 young (67584K), 8 survivors (8192K)
 Metaspace       used 115056K, capacity 118517K, committed 118860K, reserved 1153024K
  class space    used 14527K, capacity 15830K, committed 15948K, reserved 1048576K
}
Event: 4485.147 GC heap after
{Heap after GC invocations=74 (full 0):
 garbage-first heap   total 194560K, used 105482K [0x0000000080000000, 0x0000000100000000)
  region size 1024K, 9 young (9216K), 9 survivors (9216K)
 Metaspace       used 115056K, capacity 118517K, committed 118860K, reserved 1153024K
  class space    used 14527K, capacity 15830K, committed 15948K, reserved 1048576K
}
Event: 4485.341 GC heap before
{Heap before GC invocations=75 (full 0):
 garbage-first heap   total 194560K, used 153610K [0x0000000080000000, 0x0000000100000000)
  region size 1024K, 57 young (58368K), 9 survivors (9216K)
 Metaspace       used 115440K, capacity 118928K, committed 119116K, reserved 1153024K
  class space    used 14580K, capacity 15895K, committed 15948K, reserved 1048576K
}
Event: 4485.365 GC heap after
{Heap after GC invocations=76 (full 0):
 garbage-first heap   total 194560K, used 117760K [0x0000000080000000, 0x0000000100000000)
  region size 1024K, 8 young (8192K), 8 survivors (8192K)
 Metaspace       used 115440K, capacity 118928K, committed 119116K, reserved 1153024K
  class space    used 14580K, capacity 15895K, committed 15948K, reserved 1048576K
}
Event: 4485.559 GC heap before
{Heap before GC invocations=76 (full 0):
 garbage-first heap   total 194560K, used 155648K [0x0000000080000000, 0x0000000100000000)
  region size 1024K, 46 young (47104K), 8 survivors (8192K)
 Metaspace       used 115686K, capacity 119233K, committed 119372K, reserved 1153024K
  class space    used 14591K, capacity 15932K, committed 15948K, reserved 1048576K
}
Event: 4485.597 GC heap after
{Heap after GC invocations=77 (full 0):
 garbage-first heap   total 194560K, used 126456K [0x0000000080000000, 0x0000000100000000)
  region size 1024K, 6 young (6144K), 6 survivors (6144K)
 Metaspace       used 115686K, capacity 119233K, committed 119372K, reserved 1153024K
  class space    used 14591K, capacity 15932K, committed 15948K, reserved 1048576K
}
Event: 4486.005 GC heap before
{Heap before GC invocations=78 (full 0):
 garbage-first heap   total 194560K, used 157176K [0x0000000080000000, 0x0000000100000000)
  region size 1024K, 37 young (37888K), 6 survivors (6144K)
 Metaspace       used 115815K, capacity 119341K, committed 119628K, reserved 1153024K
  class space    used 14594K, capacity 15924K, committed 15948K, reserved 1048576K
}
Event: 4486.017 GC heap after
{Heap after GC invocations=79 (full 0):
 garbage-first heap   total 194560K, used 132563K [0x0000000080000000, 0x0000000100000000)
  region size 1024K, 5 young (5120K), 5 survivors (5120K)
 Metaspace       used 115815K, capacity 119341K, committed 119628K, reserved 1153024K
  class space    used 14594K, capacity 15924K, committed 15948K, reserved 1048576K
}
Event: 4486.046 GC heap before
{Heap before GC invocations=79 (full 0):
 garbage-first heap   total 194560K, used 136659K [0x0000000080000000, 0x0000000100000000)
  region size 1024K, 9 young (9216K), 5 survivors (5120K)
 Metaspace       used 115817K, capacity 119341K, committed 119628K, reserved 1153024K
  class space    used 14594K, capacity 15924K, committed 15948K, reserved 1048576K
}
Event: 4486.055 GC heap after
{Heap after GC invocations=80 (full 0):
 garbage-first heap   total 194560K, used 132391K [0x0000000080000000, 0x0000000100000000)
  region size 1024K, 2 young (2048K), 2 survivors (2048K)
 Metaspace       used 115817K, capacity 119341K, committed 119628K, reserved 1153024K
  class space    used 14594K, capacity 15924K, committed 15948K, reserved 1048576K
}
Event: 4486.130 GC heap before
{Heap before GC invocations=80 (full 0):
 garbage-first heap   total 194560K, used 159015K [0x0000000080000000, 0x0000000100000000)
  region size 1024K, 29 young (29696K), 2 survivors (2048K)
 Metaspace       used 115918K, capacity 119407K, committed 119628K, reserved 1153024K
  class space    used 14596K, capacity 15924K, committed 15948K, reserved 1048576K
}
Event: 4486.140 GC heap after
{Heap after GC invocations=81 (full 0):
 garbage-first heap   total 194560K, used 136592K [0x0000000080000000, 0x0000000100000000)
  region size 1024K, 4 young (4096K), 4 survivors (4096K)
 Metaspace       used 115918K, capacity 119407K, committed 119628K, reserved 1153024K
  class space    used 14596K, capacity 15924K, committed 15948K, reserved 1048576K
}
Event: 4486.449 GC heap before
{Heap before GC invocations=82 (full 0):
 garbage-first heap   total 194560K, used 160144K [0x0000000080000000, 0x0000000100000000)
  region size 1024K, 28 young (28672K), 4 survivors (4096K)
 Metaspace       used 116210K, capacity 119703K, committed 120012K, reserved 1153024K
  class space    used 14624K, capacity 15952K, committed 16076K, reserved 1048576K
}

